ALLT/build/outputs/logs/manifest-merger-debug-report.txt
-- Merging decision tree log ---
manifest
ADDED from code\ALLT\AndroidManifest.xml:20:1-220:12
	package
		ADDED from code\ALLT\AndroidManifest.xml:21:5-23
	android:versionName
		ADDED from code\ALLT\AndroidManifest.xml:23:5-32
		INJECTED from code\ALLT\AndroidManifest.xml
		INJECTED from code\ALLT\AndroidManifest.xml
	android:versionCode
		ADDED from code\ALLT\AndroidManifest.xml:22:5-29
		INJECTED from code\ALLT\AndroidManifest.xml
		INJECTED from code\ALLT\AndroidManifest.xml
	xmlns:android
		ADDED from code\ALLT\AndroidManifest.xml:20:11-69
uses-sdk
ADDED from code\ALLT\AndroidManifest.xml:25:5-27:41
	android:targetSdkVersion
		ADDED from code\ALLT\AndroidManifest.xml:27:9-38
	android:minSdkVersion
		ADDED from code\ALLT\AndroidManifest.xml:26:9-35
uses-permission#android.permission.INTERNET
ADDED from code\ALLT\AndroidManifest.xml:29:5-67
	android:name
		ADDED from code\ALLT\AndroidManifest.xml:29:22-64
uses-permission#android.permission.ACCESS_WIFI_STATE
ADDED from code\ALLT\AndroidManifest.xml:30:5-76
	android:name
		ADDED from code\ALLT\AndroidManifest.xml:30:22-73
uses-permission#android.permission.CHANGE_WIFI_MULTICAST_STATE
ADDED from code\ALLT\AndroidManifest.xml:31:5-86
	android:name
		ADDED from code\ALLT\AndroidManifest.xml:31:22-83
uses-permission#android.permission.ACCESS_NETWORK_STATE
ADDED from code\ALLT\AndroidManifest.xml:32:5-79
	android:name
		ADDED from code\ALLT\AndroidManifest.xml:32:22-76
uses-permission#android.permission.GET_TASKS
ADDED from code\ALLT\AndroidManifest.xml:33:5-68
	android:name
		ADDED from code\ALLT\AndroidManifest.xml:33:22-65
uses-permission#android.permission.RECEIVE_BOOT_COMPLETED
ADDED from code\ALLT\AndroidManifest.xml:34:5-81
	android:name
		ADDED from code\ALLT\AndroidManifest.xml:34:22-78
uses-permission#android.permission.WAKE_LOCK
ADDED from code\ALLT\AndroidManifest.xml:35:5-68
	android:name
		ADDED from code\ALLT\AndroidManifest.xml:35:22-65
uses-permission#android.permission.WRITE_EXTERNAL_STORAGE
ADDED from code\ALLT\AndroidManifest.xml:36:5-81
	android:name
		ADDED from code\ALLT\AndroidManifest.xml:36:22-78
uses-permission#android.permission.READ_EXTERNAL_STORAGE
ADDED from code\ALLT\AndroidManifest.xml:37:5-80
	android:name
		ADDED from code\ALLT\AndroidManifest.xml:37:22-77
uses-permission#android.permission.READ_LOGS
ADDED from code\ALLT\AndroidManifest.xml:38:5-68
	android:name
		ADDED from code\ALLT\AndroidManifest.xml:38:22-65
application
ADDED from code\ALLT\AndroidManifest.xml:41:5-218:19
	android:label
		ADDED from code\ALLT\AndroidManifest.xml:45:9-41
	android:supportsRtl
		ADDED from code\ALLT\AndroidManifest.xml:44:9-35
	android:allowBackup
		ADDED from code\ALLT\AndroidManifest.xml:42:9-35
	android:icon
		ADDED from code\ALLT\AndroidManifest.xml:43:9-45
	android:theme
		ADDED from code\ALLT\AndroidManifest.xml:46:9-40
activity#de.yaacc.browser.ServerListActivity
ADDED from code\ALLT\AndroidManifest.xml:47:9-56:20
	android:label
		ADDED from code\ALLT\AndroidManifest.xml:49:13-63
	android:name
		ADDED from code\ALLT\AndroidManifest.xml:48:13-63
intent-filter#android.intent.action.VIEW+android.intent.category.DEFAULT+android.intent.category.LAUNCHER
ADDED from code\ALLT\AndroidManifest.xml:50:13-55:29
action#android.intent.action.VIEW
ADDED from code\ALLT\AndroidManifest.xml:51:17-69
	android:name
		ADDED from code\ALLT\AndroidManifest.xml:51:25-66
category#android.intent.category.DEFAULT
ADDED from code\ALLT\AndroidManifest.xml:53:17-76
	android:name
		ADDED from code\ALLT\AndroidManifest.xml:53:27-73
category#android.intent.category.LAUNCHER
ADDED from code\ALLT\AndroidManifest.xml:54:17-77
	android:name
		ADDED from code\ALLT\AndroidManifest.xml:54:27-74
activity#de.yaacc.browser.ContentListActivity
ADDED from code\ALLT\AndroidManifest.xml:57:9-66:20
	android:label
		ADDED from code\ALLT\AndroidManifest.xml:59:13-64
	android:name
		ADDED from code\ALLT\AndroidManifest.xml:58:13-64
activity#de.yaacc.browser.ReceiverListActivity
ADDED from code\ALLT\AndroidManifest.xml:67:9-76:20
	android:label
		ADDED from code\ALLT\AndroidManifest.xml:69:13-65
	android:name
		ADDED from code\ALLT\AndroidManifest.xml:68:13-65
activity#de.yaacc.browser.PlayerListActivity
ADDED from code\ALLT\AndroidManifest.xml:77:9-86:20
	android:label
		ADDED from code\ALLT\AndroidManifest.xml:79:13-63
	android:name
		ADDED from code\ALLT\AndroidManifest.xml:78:13-63
activity#de.yaacc.browser.TabBrowserActivity
ADDED from code\ALLT\AndroidManifest.xml:87:9-96:20
	android:label
		ADDED from code\ALLT\AndroidManifest.xml:89:13-56
	android:name
		ADDED from code\ALLT\AndroidManifest.xml:88:13-63
intent-filter#android.intent.action.MAIN+android.intent.action.VIEW+android.intent.category.DEFAULT+android.intent.category.LAUNCHER
ADDED from code\ALLT\AndroidManifest.xml:90:13-95:29
action#android.intent.action.MAIN
ADDED from code\ALLT\AndroidManifest.xml:92:17-69
	android:name
		ADDED from code\ALLT\AndroidManifest.xml:92:25-66
service#de.yaacc.upnp.UpnpRegistryService
ADDED from code\ALLT\AndroidManifest.xml:98:9-100:38
	android:enabled
		ADDED from code\ALLT\AndroidManifest.xml:100:13-35
	android:name
		ADDED from code\ALLT\AndroidManifest.xml:99:13-61
service#de.yaacc.upnp.server.contentdirectory.SrtDiscovery
ADDED from code\ALLT\AndroidManifest.xml:101:9-103:38
	android:enabled
		ADDED from code\ALLT\AndroidManifest.xml:103:13-35
	android:name
		ADDED from code\ALLT\AndroidManifest.xml:102:13-78
service#de.yaacc.musicplayer.BackgroundMusicService
ADDED from code\ALLT\AndroidManifest.xml:104:9-106:38
	android:enabled
		ADDED from code\ALLT\AndroidManifest.xml:106:13-35
	android:name
		ADDED from code\ALLT\AndroidManifest.xml:105:13-71
service#de.yaacc.upnp.server.YaaccUpnpServerService
ADDED from code\ALLT\AndroidManifest.xml:107:9-109:38
	android:enabled
		ADDED from code\ALLT\AndroidManifest.xml:109:13-35
	android:name
		ADDED from code\ALLT\AndroidManifest.xml:108:13-71
activity#de.yaacc.imageviewer.ImageViewerActivity
ADDED from code\ALLT\AndroidManifest.xml:111:9-122:20
	android:label
		ADDED from code\ALLT\AndroidManifest.xml:113:13-64
	android:name
		ADDED from code\ALLT\AndroidManifest.xml:112:13-68
activity#de.yaacc.settings.SettingsActivity
ADDED from code\ALLT\AndroidManifest.xml:123:9-131:20
	android:label
		ADDED from code\ALLT\AndroidManifest.xml:125:13-60
	android:name
		ADDED from code\ALLT\AndroidManifest.xml:124:13-62
activity#de.yaacc.settings.ImageViewerSettingsActivity
ADDED from code\ALLT\AndroidManifest.xml:132:9-140:20
	android:label
		ADDED from code\ALLT\AndroidManifest.xml:134:13-73
	android:name
		ADDED from code\ALLT\AndroidManifest.xml:133:13-73
receiver#de.yaacc.imageviewer.ImageViewerBroadcastReceiver
ADDED from code\ALLT\AndroidManifest.xml:142:9-95
	android:name
		ADDED from code\ALLT\AndroidManifest.xml:142:19-83
receiver#de.yaacc.upnp.server.ServerAutostart
ADDED from code\ALLT\AndroidManifest.xml:144:9-152:20
	android:enabled
		ADDED from code\ALLT\AndroidManifest.xml:146:13-35
	android:label
		ADDED from code\ALLT\AndroidManifest.xml:148:13-50
	android:exported
		ADDED from code\ALLT\AndroidManifest.xml:147:13-36
	android:name
		ADDED from code\ALLT\AndroidManifest.xml:145:13-64
intent-filter#android.intent.action.BOOT_COMPLETED
ADDED from code\ALLT\AndroidManifest.xml:149:13-151:29
action#android.intent.action.BOOT_COMPLETED
ADDED from code\ALLT\AndroidManifest.xml:150:17-79
	android:name
		ADDED from code\ALLT\AndroidManifest.xml:150:25-76
activity#de.yaacc.player.MusicPlayerActivity
ADDED from code\ALLT\AndroidManifest.xml:154:9-163:20
	android:label
		ADDED from code\ALLT\AndroidManifest.xml:156:13-64
	android:name
		ADDED from code\ALLT\AndroidManifest.xml:155:13-63
activity#de.yaacc.player.ThirdPartieMusicPlayerActivity
ADDED from code\ALLT\AndroidManifest.xml:164:9-173:20
	android:label
		ADDED from code\ALLT\AndroidManifest.xml:166:13-64
	android:name
		ADDED from code\ALLT\AndroidManifest.xml:165:13-74
activity#de.yaacc.player.AVTransportPlayerActivity
ADDED from code\ALLT\AndroidManifest.xml:174:9-183:20
	android:label
		ADDED from code\ALLT\AndroidManifest.xml:176:13-70
	android:name
		ADDED from code\ALLT\AndroidManifest.xml:175:13-69
activity#de.yaacc.player.MultiContentPlayerActivity
ADDED from code\ALLT\AndroidManifest.xml:184:9-193:20
	android:label
		ADDED from code\ALLT\AndroidManifest.xml:186:13-72
	android:name
		ADDED from code\ALLT\AndroidManifest.xml:185:13-70
activity#de.yaacc.util.AboutActivity
ADDED from code\ALLT\AndroidManifest.xml:194:9-201:20
	android:label
		ADDED from code\ALLT\AndroidManifest.xml:196:13-48
	android:name
		ADDED from code\ALLT\AndroidManifest.xml:195:13-55
intent-filter#android.intent.action.VIEW+android.intent.category.DEFAULT
ADDED from code\ALLT\AndroidManifest.xml:197:13-200:29
activity#de.yaacc.upnp.server.YaaccUpnpServerControlActivity
ADDED from code\ALLT\AndroidManifest.xml:202:9-209:20
	android:label
		ADDED from code\ALLT\AndroidManifest.xml:204:13-77
	android:name
		ADDED from code\ALLT\AndroidManifest.xml:203:13-79
activity#de.yaacc.util.YaaccLogActivity
ADDED from code\ALLT\AndroidManifest.xml:210:9-217:20
	android:label
		ADDED from code\ALLT\AndroidManifest.xml:212:13-61
	android:name
		ADDED from code\ALLT\AndroidManifest.xml:211:13-58